{ "msg_showcmd", "sl:1", "tick:121", false, { { 0, ":" } } }
{ "cmdline_show", "sl:1", "tick:122", "mode:c", { { 0, "" } } }
{ "cmdline_show", "sl:1", "tick:125", "mode:c", { { 0, "NoiceDebug" } } }
{ "cmdline_show", "sl:1", "tick:127", "mode:c", { { 0, "NoiceConfig" } } }
{ "cmdline_show", "sl:1", "tick:129", "mode:c", { { 0, "NoiceConfi" } } }
{ "cmdline_show", "sl:1", "tick:131", "mode:c", { { 0, "NoiceConf" } } }
{ "cmdline_show", "sl:1", "tick:133", "mode:c", { { 0, "NoiceCon" } } }
{ "cmdline_show", "sl:1", "tick:135", "mode:c", { { 0, "NoiceCo" } } }
{ "cmdline_show", "sl:1", "tick:137", "mode:c", { { 0, "NoiceC" } } }
{ "cmdline_show", "sl:1", "tick:139", "mode:c", { { 0, "Noice" } } }
{ "cmdline_show", "sl:1", "tick:141", "mode:c", { { 0, "Noicea" } } }
{ "cmdline_show", "sl:1", "tick:143", "mode:c", { { 0, "Noiceal" } } }
{ "cmdline_show", "sl:1", "tick:145", "mode:c", { { 0, "Noiceall" } } }
{ "cmdline_show", "sl:1", "tick:147", "mode:c", { { 0, "Noiceal" } } }
{ "cmdline_show", "sl:1", "tick:149", "mode:c", { { 0, "Noicea" } } }
{ "cmdline_show", "sl:1", "tick:151", "mode:c", { { 0, "Noice" } } }
{ "cmdline_show", "sl:1", "tick:153", "mode:c", { { 0, "NoiceA" } } }
{ "cmdline_show", "sl:1", "tick:155", "mode:c", { { 0, "NoiceAll" } } }
{ "cmdline_hide", "sl:1", "tick:157", false, 1 }
{ "msg_showcmd", "sl:1", "tick:158", false, { { 0, "^M" } } }
{ "msg_showcmd", "sl:1", "tick:160", false, { { 0, "^M" } } }
{ "msg_showcmd", "sl:1", "tick:162", false, { { 0, "^M" } } }
{ "msg_showcmd", "sl:1", "tick:164", false, { { 0, "^M" } } }
{ "msg_showcmd", "sl:1", "tick:166", false, { { 0, "^M" } } }
{ "msg_showcmd", "sl:1", "tick:168", false, { { 0, "^M" } } }
{ "msg_showcmd", "sl:1", "tick:170", false, { { 0, "^M" } } }
{ "msg_showcmd", "sl:1", "tick:172", false, { { 0, "^M" } } }
{ "msg_showcmd", "sl:1", "tick:174", false, { { 0, "^M" } } }
{ "msg_showcmd", "sl:1", "tick:176", false, { { 0, "^M" } } }
{ "msg_showcmd", "sl:1", "tick:177", false, { { 0, "^M" } } }
{ "msg_showcmd", "sl:1", "tick:179", false, { { 0, "^M" } } }
{ "msg_showcmd", "sl:1", "tick:181", false, { { 0, "^M" } } }
{ "msg_showcmd", "sl:1", "tick:183", false, { { 0, "^M" } } }
{ "msg_showcmd", "sl:1", "tick:185", false, { { 0, "^M" } } }
{ "msg_showcmd", "sl:1", "tick:187", false, { { 0, "^M" } } }
{ "msg_showcmd", "sl:1", "tick:189", false, { { 0, "^M" } } }
{ "msg_showcmd", "sl:1", "tick:191", false, { { 0, "^M" } } }
{ "msg_showcmd", "sl:1", "tick:193", false, { { 0, "^M" } } }
{ "msg_showcmd", "sl:1", "tick:195", false, { { 0, "^M" } } }
{ "msg_showcmd", "sl:1", "tick:197", false, { { 0, "^M" } } }
{ "msg_showcmd", "sl:1", "tick:199", false, { { 0, "^M" } } }
{ "msg_showcmd", "sl:1", "tick:201", false, { { 0, "^M" } } }
{ "msg_showcmd", "sl:1", "tick:203", false, { { 0, "j" } } }
{ "msg_showcmd", "sl:1", "tick:205", false, { { 0, "j" } } }
{ "msg_showcmd", "sl:1", "tick:207", false, { { 0, "j" } } }
{ "msg_showcmd", "sl:1", "tick:209", false, { { 0, "j" } } }
{ "msg_showcmd", "sl:1", "tick:211", false, { { 0, "j" } } }
{ "msg_showcmd", "sl:1", "tick:213", false, { { 0, "j" } } }
{ "msg_showcmd", "sl:1", "tick:215", false, { { 0, "j" } } }
{ "msg_showcmd", "sl:1", "tick:216", false, { { 0, "j" } } }
{ "msg_showcmd", "sl:1", "tick:218", false, { { 0, "j" } } }
{ "msg_showcmd", "sl:1", "tick:220", false, { { 0, "j" } } }
{ "msg_showcmd", "sl:1", "tick:222", false, { { 0, "j" } } }
{ "msg_showcmd", "sl:1", "tick:224", false, { { 0, "j" } } }
{ "msg_showcmd", "sl:1", "tick:226", false, { { 0, "k" } } }
{ "msg_showcmd", "sl:1", "tick:228", false, { { 0, "l" } } }
{ "msg_showcmd", "sl:1", "tick:230", false, { { 0, "l" } } }
{ "msg_showcmd", "sl:1", "tick:232", false, { { 0, "l" } } }
{ "msg_showcmd", "sl:1", "tick:234", false, { { 0, "l" } } }
{ "msg_showcmd", "sl:1", "tick:236", false, { { 0, "l" } } }
{ "msg_showcmd", "sl:1", "tick:238", false, { { 0, "l" } } }
{ "msg_showcmd", "sl:1", "tick:242", false, { { 0, "~@k" } } }
{ "msg_showcmd", "sl:1", "tick:245", false, { { 0, "~@k" } } }
{ "msg_showcmd", "sl:1", "tick:249", false, { { 0, "l" } } }
{ "msg_showcmd", "sl:1", "tick:253", false, { { 0, "q" } } }
{ "msg_showcmd", "sl:1", "tick:254", false, { { 0, "q^[" } } }
{ "msg_showcmd", "sl:1", "tick:256", false, { { 0, "j" } } }
{ "msg_showcmd", "sl:1", "tick:259", false, { { 0, "j" } } }
{ "msg_showcmd", "sl:1", "tick:261", false, { { 0, "j" } } }
{ "msg_showcmd", "sl:1", "tick:263", false, { { 0, "l" } } }
{ "msg_showcmd", "sl:1", "tick:267", false, { { 0, "k" } } }
{ "msg_showcmd", "sl:1", "tick:270", false, { { 0, "k" } } }
{ "msg_showcmd", "sl:1", "tick:272", false, { { 0, "k" } } }
{ "msg_showcmd", "sl:1", "tick:274", false, { { 0, "k" } } }
{ "msg_showcmd", "sl:1", "tick:276", false, { { 0, "k" } } }
{ "msg_showcmd", "sl:1", "tick:278", false, { { 0, "k" } } }
{ "msg_showcmd", "sl:1", "tick:280", false, { { 0, "k" } } }
{ "msg_showcmd", "sl:1", "tick:282", false, { { 0, "k" } } }
{ "msg_showcmd", "sl:1", "tick:284", false, { { 0, "k" } } }
{ "msg_showcmd", "sl:1", "tick:286", false, { { 0, "k" } } }
{ "msg_showcmd", "sl:1", "tick:288", false, { { 0, ":" } } }
{ "cmdline_show", "sl:1", "tick:289", "mode:c", { { 0, "" } } }
{ "cmdline_show", "sl:1", "tick:292", "mode:c", { { 0, "c" } } }
{ "cmdline_show", "sl:1", "tick:294", "mode:c", { { 0, "ch" } } }
{ "cmdline_show", "sl:1", "tick:296", "mode:c", { { 0, "che" } } }
{ "cmdline_show", "sl:1", "tick:298", "mode:c", { { 0, "chec" } } }
{ "cmdline_show", "sl:1", "tick:300", "mode:c", { { 0, "check" } } }
{ "cmdline_show", "sl:1", "tick:302", "mode:c", { { 0, "checkhealth" } } }
{ "cmdline_show", "sl:1", "tick:304", "mode:c", { { 0, "checkhealth " } } }
{ "cmdline_show", "sl:1", "tick:306", "mode:c", { { 0, "checkhealth N" } } }
{ "cmdline_show", "sl:1", "tick:308", "mode:c", { { 0, "checkhealth lspconfig" } } }
{ "cmdline_show", "sl:1", "tick:310", "mode:c", { { 0, "checkhealth lspconfi" } } }
{ "cmdline_show", "sl:1", "tick:312", "mode:c", { { 0, "checkhealth lspconf" } } }
{ "cmdline_show", "sl:1", "tick:314", "mode:c", { { 0, "checkhealth lspcon" } } }
{ "cmdline_show", "sl:1", "tick:316", "mode:c", { { 0, "checkhealth lspco" } } }
{ "cmdline_show", "sl:1", "tick:318", "mode:c", { { 0, "checkhealth lspc" } } }
{ "cmdline_show", "sl:1", "tick:320", "mode:c", { { 0, "checkhealth lsp" } } }
{ "cmdline_show", "sl:1", "tick:322", "mode:c", { { 0, "checkhealth ls" } } }
{ "cmdline_show", "sl:1", "tick:324", "mode:c", { { 0, "checkhealth l" } } }
{ "cmdline_show", "sl:1", "tick:326", "mode:c", { { 0, "checkhealth " } } }
{ "cmdline_show", "sl:1", "tick:328", "mode:c", { { 0, "checkhealth n" } } }
{ "cmdline_show", "sl:1", "tick:330", "mode:c", { { 0, "checkhealth no" } } }
{ "cmdline_show", "sl:1", "tick:332", "mode:c", { { 0, "checkhealth noice" } } }
{ "cmdline_hide", "sl:1", "tick:334", false, 1 }
{ "msg_show", "sl:1", "tick:335", false, "" }
{ "msg_showcmd", "sl:1", "tick:337", false, { { 0, "^M" } } }
{ "msg_showcmd", "sl:1", "tick:339", false, { { 0, "^M" } } }
{ "msg_showcmd", "sl:1", "tick:341", false, { { 0, "^M" } } }
{ "msg_showcmd", "sl:1", "tick:343", false, { { 0, "^M" } } }
{ "msg_showcmd", "sl:1", "tick:345", false, { { 0, "^M" } } }
{ "msg_showcmd", "sl:1", "tick:347", false, { { 0, "^M" } } }
{ "msg_showcmd", "sl:1", "tick:349", false, { { 0, "q" } } }
{ "msg_showcmd", "sl:1", "tick:350", false, { { 0, "qq" } } }
{ "msg_showmode", "sl:1", "tick:351", false, { { 182, "recording @q" } } }
{ "msg_showcmd", "sl:1", "tick:354", false, { { 0, ":" } } }
{ "cmdline_show", "sl:1", "tick:355", "mode:c", { { 0, "" } } }
{ "cmdline_show", "sl:1", "tick:358", "mode:c", { { 0, "n" } } }
{ "cmdline_show", "sl:1", "tick:360", "mode:c", { { 0, "no" } } }
{ "cmdline_show", "sl:1", "tick:362", "mode:c", { { 0, "NoMatchParen" } } }
{ "cmdline_show", "sl:1", "tick:364", "mode:c", { { 0, "Noice" } } }
{ "cmdline_show", "sl:1", "tick:366", "mode:c", { { 0, "NoiceAll" } } }
{ "cmdline_show", "sl:1", "tick:368", "mode:c", { { 0, "NoiceConfig" } } }
{ "cmdline_show", "sl:1", "tick:370", "mode:c", { { 0, "NoiceDebug" } } }
{ "cmdline_show", "sl:1", "tick:372", "mode:c", { { 0, "NoiceDisable" } } }
{ "cmdline_show", "sl:1", "tick:374", "mode:c", { { 0, "NoiceDismiss" } } }
{ "cmdline_show", "sl:1", "tick:376", "mode:c", { { 0, "NoiceEnable" } } }
{ "cmdline_show", "sl:1", "tick:378", "mode:c", { { 0, "NoiceErrors" } } }
{ "cmdline_show", "sl:1", "tick:380", "mode:c", { { 0, "NoiceFzf" } } }
{ "cmdline_show", "sl:1", "tick:382", "mode:c", { { 0, "NoiceHistory" } } }
{ "cmdline_hide", "sl:1", "tick:384", false, 1 }
{ "msg_showcmd", "sl:1", "tick:385", false, { { 0, "q" } } }
{ "msg_showmode", "sl:1", "tick:386", false, {} }
{ "msg_showcmd", "sl:1", "tick:388", false, { { 0, "q" } } }
{ "msg_showcmd", "sl:1", "tick:389", false, { { 0, "qq" } } }
{ "msg_showmode", "sl:1", "tick:390", false, { { 182, "recording @q" } } }
{ "msg_showcmd", "sl:1", "tick:393", false, { { 0, ":" } } }
{ "cmdline_show", "sl:1", "tick:394", "mode:c", { { 0, "" } } }
{ "cmdline_show", "sl:1", "tick:397", "mode:c", { { 0, "q" } } }
{ "cmdline_hide", "sl:1", "tick:399", false, 1 }
{ "msg_showcmd", "sl:1", "tick:400", false, { { 0, ":" } } }
{ "cmdline_show", "sl:1", "tick:401", "mode:c", { { 0, "" } } }
{ "cmdline_show", "sl:1", "tick:404", "mode:c", { { 0, "q" } } }
{ "cmdline_show", "sl:1", "tick:406", "mode:c", { { 0, "NoiceHistory" } } }
{ "cmdline_show", "sl:1", "tick:408", "mode:c", { { 0, "checkhealth noice" } } }
{ "cmdline_show", "sl:1", "tick:410", "mode:c", { { 0, "checkhealth noic" } } }
{ "cmdline_show", "sl:1", "tick:412", "mode:c", { { 0, "checkhealth noi" } } }
{ "cmdline_show", "sl:1", "tick:414", "mode:c", { { 0, "checkhealth no" } } }
{ "cmdline_show", "sl:1", "tick:416", "mode:c", { { 0, "checkhealth n" } } }
{ "cmdline_show", "sl:1", "tick:418", "mode:c", { { 0, "checkhealth " } } }
{ "cmdline_show", "sl:1", "tick:420", "mode:c", { { 0, "checkhealth" } } }
{ "cmdline_show", "sl:1", "tick:422", "mode:c", { { 0, "checkhealt" } } }
{ "cmdline_show", "sl:1", "tick:424", "mode:c", { { 0, "checkheal" } } }
{ "cmdline_show", "sl:1", "tick:426", "mode:c", { { 0, "checkhea" } } }
{ "cmdline_show", "sl:1", "tick:428", "mode:c", { { 0, "checkhe" } } }
{ "cmdline_show", "sl:1", "tick:430", "mode:c", { { 0, "checkh" } } }
{ "cmdline_show", "sl:1", "tick:432", "mode:c", { { 0, "check" } } }
{ "cmdline_show", "sl:1", "tick:434", "mode:c", { { 0, "chec" } } }
{ "cmdline_show", "sl:1", "tick:436", "mode:c", { { 0, "che" } } }
{ "cmdline_show", "sl:1", "tick:438", "mode:c", { { 0, "ch" } } }
{ "cmdline_show", "sl:1", "tick:440", "mode:c", { { 0, "c" } } }
{ "cmdline_show", "sl:1", "tick:442", "mode:c", { { 0, "" } } }
{ "cmdline_hide", "sl:1", "tick:444", false, 1 }
{ "cmdline_show", "sl:1", "tick:445", "cmdline", { { 0, "" } } }
{ "msg_showcmd", "sl:1", "tick:447", "cmdline", { { 0, "~@k" } } }
{ "msg_showcmd", "sl:1", "tick:449", "cmdline", { { 0, "~@k" } } }
{ "msg_showcmd", "sl:1", "tick:451", "cmdline", { { 0, "~@k" } } }
{ "msg_showcmd", "sl:1", "tick:453", "cmdline", { { 0, "~@k" } } }
{ "msg_showcmd", "sl:1", "tick:455", "cmdline", { { 0, "~@k" } } }
{ "msg_showcmd", "sl:1", "tick:457", "cmdline", { { 0, "~@k" } } }
{ "msg_showcmd", "sl:1", "tick:459", "cmdline", { { 0, "~@k" } } }
{ "msg_showcmd", "sl:1", "tick:461", "cmdline", { { 0, "~@k" } } }
{ "msg_showcmd", "sl:1", "tick:463", "cmdline", { { 0, "~@k" } } }
{ "msg_showcmd", "sl:1", "tick:465", "cmdline", { { 0, "~@k" } } }
{ "msg_showcmd", "sl:1", "tick:467", "cmdline", { { 0, "~@k" } } }
{ "msg_showcmd", "sl:1", "tick:469", "cmdline", { { 0, "~@k" } } }
{ "msg_showcmd", "sl:1", "tick:471", "cmdline", { { 0, "~@k" } } }
{ "msg_showcmd", "sl:1", "tick:473", "cmdline", { { 0, "~@k" } } }
{ "msg_showcmd", "sl:1", "tick:475", "cmdline", { { 0, "~@k" } } }
{ "msg_showcmd", "sl:1", "tick:477", "cmdline", { { 0, "~@k" } } }
{ "msg_showcmd", "sl:1", "tick:479", "cmdline", { { 0, "~@k" } } }
{ "msg_showcmd", "sl:1", "tick:481", "cmdline", { { 0, "~@k" } } }
{ "msg_showcmd", "sl:1", "tick:483", "cmdline", { { 0, "~@k" } } }
{ "msg_showcmd", "sl:1", "tick:485", "cmdline", { { 0, "~@k" } } }
{ "msg_showcmd", "sl:1", "tick:487", "cmdline", { { 0, "~@k" } } }
{ "msg_showcmd", "sl:1", "tick:489", "cmdline", { { 0, "~@k" } } }
{ "msg_showcmd", "sl:1", "tick:491", "cmdline", { { 0, "~@k" } } }
{ "msg_showcmd", "sl:1", "tick:493", "cmdline", { { 0, "~@k" } } }
{ "msg_showcmd", "sl:1", "tick:495", "cmdline", { { 0, "~@k" } } }
{ "msg_showcmd", "sl:1", "tick:497", "cmdline", { { 0, "~@k" } } }
{ "msg_showcmd", "sl:1", "tick:499", "cmdline", { { 0, "~@k" } } }
{ "msg_showcmd", "sl:1", "tick:501", "cmdline", { { 0, "~@k" } } }
{ "msg_showcmd", "sl:1", "tick:503", "cmdline", { { 0, "~@k" } } }
{ "msg_showcmd", "sl:1", "tick:505", "cmdline", { { 0, "~@k" } } }
{ "msg_showcmd", "sl:1", "tick:507", "cmdline", { { 0, "q" } } }
{ "msg_showmode", "sl:1", "tick:509", "cmdline", {} }
{ "msg_showcmd", "sl:1", "tick:510", "cmdline", { { 0, "q" } } }
{ "msg_showcmd", "sl:1", "tick:512", "cmdline", { { 0, "qq" } } }
{ "msg_showmode", "sl:1", "tick:514", "cmdline", { { 182, "recording @q" } } }
{ "msg_showcmd", "sl:1", "tick:516", "cmdline", { { 0, "2" } } }
{ "msg_showcmd", "sl:1", "tick:518", "cmdline", { { 0, "^M" } } }
{ "msg_showcmd", "sl:1", "tick:520", "cmdline", { { 0, "70" } } }
{ "msg_showcmd", "sl:1", "tick:522", "cmdline", { { 0, "^M" } } }
{ "msg_showcmd", "sl:1", "tick:524", "cmdline", { { 0, ":" } } }
{ "cmdline_show", "sl:1", "tick:526", "mode:c", { { 0, ":" } } }
{ "cmdline_show", "sl:1", "tick:528", "mode:c", { { 0, ":q" } } }
{ "cmdline_hide", "sl:1", "tick:530", false, 1 }
